<html>
<head>
<title>TestNG:  Test</title>
<link href="../testng.css" rel="stylesheet" type="text/css" />
<link href="../my-testng.css" rel="stylesheet" type="text/css" />

<style type="text/css">
.log { display: none;} 
.stack-trace { display: none;} 
</style>
<script type="text/javascript">
<!--
function flip(e) {
  current = e.style.display;
  if (current == 'block') {
    e.style.display = 'none';
    return 0;
  }
  else {
    e.style.display = 'block';
    return 1;
  }
}

function toggleBox(szDivId, elem, msg1, msg2)
{
  var res = -1;  if (document.getElementById) {
    res = flip(document.getElementById(szDivId));
  }
  else if (document.all) {
    // this is the way old msie versions work
    res = flip(document.all[szDivId]);
  }
  if(elem) {
    if(res == 0) elem.innerHTML = msg1; else elem.innerHTML = msg2;
  }

}

function toggleAllBoxes() {
  if (document.getElementsByTagName) {
    d = document.getElementsByTagName('div');
    for (i = 0; i < d.length; i++) {
      if (d[i].className == 'log') {
        flip(d[i]);
      }
    }
  }
}

// -->
</script>

</head>
<body>
<h2 align='center'>Test</h2><table border='1' align="center">
<tr>
<td>Tests passed/Failed/Skipped:</td><td>21/6/9</td>
</tr><tr>
<td>Started on:</td><td>Tue Jul 22 18:00:03 IST 2025</td>
</tr>
<tr><td>Total time:</td><td>12635 seconds (12635131 ms)</td>
</tr><tr>
<td>Included groups:</td><td></td>
</tr><tr>
<td>Excluded groups:</td><td>skip </td>
</tr>
</table><p/>
<small><i>(Hover the method name to see the test class name)</i></small><p/>
<table width='100%' border='1' class='invocation-failed'>
<tr><td colspan='4' align='center'><b>FAILED TESTS</b></td></tr>
<tr><td><b>Test method</b></td>
<td><b>Attribute(s)</b></td>
<td width="30%"><b>Exception</b></td>
<td width="10%"><b>Time (seconds)</b></td>
<td><b>Instance</b></td>
</tr>
<tr>
<td title='smaZer_testcases.TC08_Pairing_BlewithoutRouter.TC08_Pairing_BLE_Without_Router()'><b>TC08_Pairing_BLE_Without_Router</b><br>Test class: smaZer_testcases.TC08_Pairing_BlewithoutRouter</td>
<td><div><pre>java.lang.RuntimeException: FAILED
	at utils.Reporter.reportStep(Reporter.java:59)
	at wrappers.GenericWrappers.fail(GenericWrappers.java:1018)
	at smaZer_testcases.TC08_Pairing_BlewithoutRouter.TC08_Pairing_BLE_Without_Router(TC08_Pairing_BlewithoutRouter.java:100)
	at java.base/java.util.ArrayList.forEach(ArrayList.java:1596)
... Removed 25 stack frames</pre></div><a href='#' onClick='toggleBox("stack-trace2080453984", this, "Click to show all stack frames", "Click to hide stack frames")'>Click to show all stack frames</a>
<div class='stack-trace' id='stack-trace2080453984'><pre>java.lang.RuntimeException: FAILED
	at utils.Reporter.reportStep(Reporter.java:59)
	at wrappers.GenericWrappers.fail(GenericWrappers.java:1018)
	at smaZer_testcases.TC08_Pairing_BlewithoutRouter.TC08_Pairing_BLE_Without_Router(TC08_Pairing_BlewithoutRouter.java:100)
	at java.base/jdk.internal.reflect.DirectMethodHandleAccessor.invoke(DirectMethodHandleAccessor.java:103)
	at java.base/java.lang.reflect.Method.invoke(Method.java:580)
	at org.testng.internal.invokers.MethodInvocationHelper.invokeMethod(MethodInvocationHelper.java:139)
	at org.testng.internal.invokers.TestInvoker.invokeMethod(TestInvoker.java:664)
	at org.testng.internal.invokers.TestInvoker.retryFailed(TestInvoker.java:249)
	at org.testng.internal.invokers.MethodRunner.runInSequence(MethodRunner.java:76)
	at org.testng.internal.invokers.TestInvoker$MethodInvocationAgent.invoke(TestInvoker.java:961)
	at org.testng.internal.invokers.TestInvoker.invokeTestMethods(TestInvoker.java:201)
	at org.testng.internal.invokers.TestMethodWorker.invokeTestMethods(TestMethodWorker.java:148)
	at org.testng.internal.invokers.TestMethodWorker.run(TestMethodWorker.java:128)
	at java.base/java.util.ArrayList.forEach(ArrayList.java:1596)
	at org.testng.TestRunner.privateRun(TestRunner.java:819)
	at org.testng.TestRunner.run(TestRunner.java:619)
	at org.testng.SuiteRunner.runTest(SuiteRunner.java:443)
	at org.testng.SuiteRunner.runSequentially(SuiteRunner.java:437)
	at org.testng.SuiteRunner.privateRun(SuiteRunner.java:397)
	at org.testng.SuiteRunner.run(SuiteRunner.java:336)
	at org.testng.SuiteRunnerWorker.runSuite(SuiteRunnerWorker.java:52)
	at org.testng.SuiteRunnerWorker.run(SuiteRunnerWorker.java:95)
	at org.testng.TestNG.runSuitesSequentially(TestNG.java:1301)
	at org.testng.TestNG.runSuitesLocally(TestNG.java:1228)
	at org.testng.TestNG.runSuites(TestNG.java:1134)
	at org.testng.TestNG.run(TestNG.java:1101)
	at org.testng.remote.AbstractRemoteTestNG.run(AbstractRemoteTestNG.java:115)
	at org.testng.remote.RemoteTestNG.initAndRun(RemoteTestNG.java:293)
	at org.testng.remote.RemoteTestNG.main(RemoteTestNG.java:91)
</pre></div></td>
<td>257</td>
<td>smaZer_testcases.TC08_Pairing_BlewithoutRouter@e3c0e40</td></tr>
<tr>
<td title='smaZer_testcases.TC21_DeviceSettings.TC21_DeviceSettings_LED_Quite_Mode()'><b>TC21_DeviceSettings_LED_Quite_Mode</b><br>Test class: smaZer_testcases.TC21_DeviceSettings</td>
<td><div><pre>java.lang.RuntimeException: FAILED
	at utils.Reporter.reportStep(Reporter.java:59)
	at wrappers.GenericWrappers.fail(GenericWrappers.java:1018)
	at smaZer_testcases.TC21_DeviceSettings.pairBlewithoutRouter(TC21_DeviceSettings.java:98)
	at smaZer_testcases.TC21_DeviceSettings.TC21_DeviceSettings_LED_Quite_Mode(TC21_DeviceSettings.java:31)
	at java.base/java.util.ArrayList.forEach(ArrayList.java:1596)
... Removed 25 stack frames</pre></div><a href='#' onClick='toggleBox("stack-trace580773598", this, "Click to show all stack frames", "Click to hide stack frames")'>Click to show all stack frames</a>
<div class='stack-trace' id='stack-trace580773598'><pre>java.lang.RuntimeException: FAILED
	at utils.Reporter.reportStep(Reporter.java:59)
	at wrappers.GenericWrappers.fail(GenericWrappers.java:1018)
	at smaZer_testcases.TC21_DeviceSettings.pairBlewithoutRouter(TC21_DeviceSettings.java:98)
	at smaZer_testcases.TC21_DeviceSettings.TC21_DeviceSettings_LED_Quite_Mode(TC21_DeviceSettings.java:31)
	at java.base/jdk.internal.reflect.DirectMethodHandleAccessor.invoke(DirectMethodHandleAccessor.java:103)
	at java.base/java.lang.reflect.Method.invoke(Method.java:580)
	at org.testng.internal.invokers.MethodInvocationHelper.invokeMethod(MethodInvocationHelper.java:139)
	at org.testng.internal.invokers.TestInvoker.invokeMethod(TestInvoker.java:664)
	at org.testng.internal.invokers.TestInvoker.retryFailed(TestInvoker.java:249)
	at org.testng.internal.invokers.MethodRunner.runInSequence(MethodRunner.java:76)
	at org.testng.internal.invokers.TestInvoker$MethodInvocationAgent.invoke(TestInvoker.java:961)
	at org.testng.internal.invokers.TestInvoker.invokeTestMethods(TestInvoker.java:201)
	at org.testng.internal.invokers.TestMethodWorker.invokeTestMethods(TestMethodWorker.java:148)
	at org.testng.internal.invokers.TestMethodWorker.run(TestMethodWorker.java:128)
	at java.base/java.util.ArrayList.forEach(ArrayList.java:1596)
	at org.testng.TestRunner.privateRun(TestRunner.java:819)
	at org.testng.TestRunner.run(TestRunner.java:619)
	at org.testng.SuiteRunner.runTest(SuiteRunner.java:443)
	at org.testng.SuiteRunner.runSequentially(SuiteRunner.java:437)
	at org.testng.SuiteRunner.privateRun(SuiteRunner.java:397)
	at org.testng.SuiteRunner.run(SuiteRunner.java:336)
	at org.testng.SuiteRunnerWorker.runSuite(SuiteRunnerWorker.java:52)
	at org.testng.SuiteRunnerWorker.run(SuiteRunnerWorker.java:95)
	at org.testng.TestNG.runSuitesSequentially(TestNG.java:1301)
	at org.testng.TestNG.runSuitesLocally(TestNG.java:1228)
	at org.testng.TestNG.runSuites(TestNG.java:1134)
	at org.testng.TestNG.run(TestNG.java:1101)
	at org.testng.remote.AbstractRemoteTestNG.run(AbstractRemoteTestNG.java:115)
	at org.testng.remote.RemoteTestNG.initAndRun(RemoteTestNG.java:293)
	at org.testng.remote.RemoteTestNG.main(RemoteTestNG.java:91)
</pre></div></td>
<td>302</td>
<td>smaZer_testcases.TC21_DeviceSettings@4bf48f6</td></tr>
<tr>
<td title='smaZer_testcases.TC20_DeviceSettings.TC20_DeviceSettings_Remove_Router()'><b>TC20_DeviceSettings_Remove_Router</b><br>Test class: smaZer_testcases.TC20_DeviceSettings</td>
<td><div><pre>java.lang.RuntimeException: FAILED
	at utils.Reporter.reportStep(Reporter.java:59)
	at wrappers.GenericWrappers.fail(GenericWrappers.java:1018)
	at smaZer_testcases.TC20_DeviceSettings.pairBlewithoutRouter(TC20_DeviceSettings.java:88)
	at smaZer_testcases.TC20_DeviceSettings.TC20_DeviceSettings_Remove_Router(TC20_DeviceSettings.java:31)
	at java.base/java.util.ArrayList.forEach(ArrayList.java:1596)
... Removed 25 stack frames</pre></div><a href='#' onClick='toggleBox("stack-trace668338770", this, "Click to show all stack frames", "Click to hide stack frames")'>Click to show all stack frames</a>
<div class='stack-trace' id='stack-trace668338770'><pre>java.lang.RuntimeException: FAILED
	at utils.Reporter.reportStep(Reporter.java:59)
	at wrappers.GenericWrappers.fail(GenericWrappers.java:1018)
	at smaZer_testcases.TC20_DeviceSettings.pairBlewithoutRouter(TC20_DeviceSettings.java:88)
	at smaZer_testcases.TC20_DeviceSettings.TC20_DeviceSettings_Remove_Router(TC20_DeviceSettings.java:31)
	at java.base/jdk.internal.reflect.DirectMethodHandleAccessor.invoke(DirectMethodHandleAccessor.java:103)
	at java.base/java.lang.reflect.Method.invoke(Method.java:580)
	at org.testng.internal.invokers.MethodInvocationHelper.invokeMethod(MethodInvocationHelper.java:139)
	at org.testng.internal.invokers.TestInvoker.invokeMethod(TestInvoker.java:664)
	at org.testng.internal.invokers.TestInvoker.retryFailed(TestInvoker.java:249)
	at org.testng.internal.invokers.MethodRunner.runInSequence(MethodRunner.java:76)
	at org.testng.internal.invokers.TestInvoker$MethodInvocationAgent.invoke(TestInvoker.java:961)
	at org.testng.internal.invokers.TestInvoker.invokeTestMethods(TestInvoker.java:201)
	at org.testng.internal.invokers.TestMethodWorker.invokeTestMethods(TestMethodWorker.java:148)
	at org.testng.internal.invokers.TestMethodWorker.run(TestMethodWorker.java:128)
	at java.base/java.util.ArrayList.forEach(ArrayList.java:1596)
	at org.testng.TestRunner.privateRun(TestRunner.java:819)
	at org.testng.TestRunner.run(TestRunner.java:619)
	at org.testng.SuiteRunner.runTest(SuiteRunner.java:443)
	at org.testng.SuiteRunner.runSequentially(SuiteRunner.java:437)
	at org.testng.SuiteRunner.privateRun(SuiteRunner.java:397)
	at org.testng.SuiteRunner.run(SuiteRunner.java:336)
	at org.testng.SuiteRunnerWorker.runSuite(SuiteRunnerWorker.java:52)
	at org.testng.SuiteRunnerWorker.run(SuiteRunnerWorker.java:95)
	at org.testng.TestNG.runSuitesSequentially(TestNG.java:1301)
	at org.testng.TestNG.runSuitesLocally(TestNG.java:1228)
	at org.testng.TestNG.runSuites(TestNG.java:1134)
	at org.testng.TestNG.run(TestNG.java:1101)
	at org.testng.remote.AbstractRemoteTestNG.run(AbstractRemoteTestNG.java:115)
	at org.testng.remote.RemoteTestNG.initAndRun(RemoteTestNG.java:293)
	at org.testng.remote.RemoteTestNG.main(RemoteTestNG.java:91)
</pre></div></td>
<td>314</td>
<td>smaZer_testcases.TC20_DeviceSettings@2fba3fc4</td></tr>
<tr>
<td title='smaZer_testcases.TC26_Analytics.TC_26_Analytics_Smartconfig_App_close()'><b>TC_26_Analytics_Smartconfig_App_close</b><br>Test class: smaZer_testcases.TC26_Analytics</td>
<td><div><pre>java.lang.RuntimeException: FAILED
	at utils.Reporter.reportStep(Reporter.java:59)
	at wrappers.GenericWrappers.fail(GenericWrappers.java:1018)
	at smaZer_testcases.TC26_Analytics.pairBlewithoutRouter(TC26_Analytics.java:75)
	at smaZer_testcases.TC26_Analytics.TC_26_Analytics_Smartconfig_App_close(TC26_Analytics.java:31)
	at java.base/java.util.ArrayList.forEach(ArrayList.java:1596)
... Removed 25 stack frames</pre></div><a href='#' onClick='toggleBox("stack-trace1163913943", this, "Click to show all stack frames", "Click to hide stack frames")'>Click to show all stack frames</a>
<div class='stack-trace' id='stack-trace1163913943'><pre>java.lang.RuntimeException: FAILED
	at utils.Reporter.reportStep(Reporter.java:59)
	at wrappers.GenericWrappers.fail(GenericWrappers.java:1018)
	at smaZer_testcases.TC26_Analytics.pairBlewithoutRouter(TC26_Analytics.java:75)
	at smaZer_testcases.TC26_Analytics.TC_26_Analytics_Smartconfig_App_close(TC26_Analytics.java:31)
	at java.base/jdk.internal.reflect.DirectMethodHandleAccessor.invoke(DirectMethodHandleAccessor.java:103)
	at java.base/java.lang.reflect.Method.invoke(Method.java:580)
	at org.testng.internal.invokers.MethodInvocationHelper.invokeMethod(MethodInvocationHelper.java:139)
	at org.testng.internal.invokers.TestInvoker.invokeMethod(TestInvoker.java:664)
	at org.testng.internal.invokers.TestInvoker.retryFailed(TestInvoker.java:249)
	at org.testng.internal.invokers.MethodRunner.runInSequence(MethodRunner.java:76)
	at org.testng.internal.invokers.TestInvoker$MethodInvocationAgent.invoke(TestInvoker.java:961)
	at org.testng.internal.invokers.TestInvoker.invokeTestMethods(TestInvoker.java:201)
	at org.testng.internal.invokers.TestMethodWorker.invokeTestMethods(TestMethodWorker.java:148)
	at org.testng.internal.invokers.TestMethodWorker.run(TestMethodWorker.java:128)
	at java.base/java.util.ArrayList.forEach(ArrayList.java:1596)
	at org.testng.TestRunner.privateRun(TestRunner.java:819)
	at org.testng.TestRunner.run(TestRunner.java:619)
	at org.testng.SuiteRunner.runTest(SuiteRunner.java:443)
	at org.testng.SuiteRunner.runSequentially(SuiteRunner.java:437)
	at org.testng.SuiteRunner.privateRun(SuiteRunner.java:397)
	at org.testng.SuiteRunner.run(SuiteRunner.java:336)
	at org.testng.SuiteRunnerWorker.runSuite(SuiteRunnerWorker.java:52)
	at org.testng.SuiteRunnerWorker.run(SuiteRunnerWorker.java:95)
	at org.testng.TestNG.runSuitesSequentially(TestNG.java:1301)
	at org.testng.TestNG.runSuitesLocally(TestNG.java:1228)
	at org.testng.TestNG.runSuites(TestNG.java:1134)
	at org.testng.TestNG.run(TestNG.java:1101)
	at org.testng.remote.AbstractRemoteTestNG.run(AbstractRemoteTestNG.java:115)
	at org.testng.remote.RemoteTestNG.initAndRun(RemoteTestNG.java:293)
	at org.testng.remote.RemoteTestNG.main(RemoteTestNG.java:91)
</pre></div></td>
<td>330</td>
<td>smaZer_testcases.TC26_Analytics@a37aefe</td></tr>
<tr>
<td title='smaZer_testcases.TC29_Schedular.TC29_Schedular_Smartconfig_app_close()'><b>TC29_Schedular_Smartconfig_app_close</b><br>Test class: smaZer_testcases.TC29_Schedular</td>
<td><div><pre>java.lang.RuntimeException: FAILED
	at utils.Reporter.reportStep(Reporter.java:59)
	at wrappers.GenericWrappers.fail(GenericWrappers.java:1018)
	at smaZer_testcases.TC29_Schedular.TC29_Schedular_Smartconfig_app_close(TC29_Schedular.java:101)
	at java.base/java.util.ArrayList.forEach(ArrayList.java:1596)
... Removed 25 stack frames</pre></div><a href='#' onClick='toggleBox("stack-trace1629420260", this, "Click to show all stack frames", "Click to hide stack frames")'>Click to show all stack frames</a>
<div class='stack-trace' id='stack-trace1629420260'><pre>java.lang.RuntimeException: FAILED
	at utils.Reporter.reportStep(Reporter.java:59)
	at wrappers.GenericWrappers.fail(GenericWrappers.java:1018)
	at smaZer_testcases.TC29_Schedular.TC29_Schedular_Smartconfig_app_close(TC29_Schedular.java:101)
	at java.base/jdk.internal.reflect.DirectMethodHandleAccessor.invoke(DirectMethodHandleAccessor.java:103)
	at java.base/java.lang.reflect.Method.invoke(Method.java:580)
	at org.testng.internal.invokers.MethodInvocationHelper.invokeMethod(MethodInvocationHelper.java:139)
	at org.testng.internal.invokers.TestInvoker.invokeMethod(TestInvoker.java:664)
	at org.testng.internal.invokers.TestInvoker.retryFailed(TestInvoker.java:249)
	at org.testng.internal.invokers.MethodRunner.runInSequence(MethodRunner.java:76)
	at org.testng.internal.invokers.TestInvoker$MethodInvocationAgent.invoke(TestInvoker.java:961)
	at org.testng.internal.invokers.TestInvoker.invokeTestMethods(TestInvoker.java:201)
	at org.testng.internal.invokers.TestMethodWorker.invokeTestMethods(TestMethodWorker.java:148)
	at org.testng.internal.invokers.TestMethodWorker.run(TestMethodWorker.java:128)
	at java.base/java.util.ArrayList.forEach(ArrayList.java:1596)
	at org.testng.TestRunner.privateRun(TestRunner.java:819)
	at org.testng.TestRunner.run(TestRunner.java:619)
	at org.testng.SuiteRunner.runTest(SuiteRunner.java:443)
	at org.testng.SuiteRunner.runSequentially(SuiteRunner.java:437)
	at org.testng.SuiteRunner.privateRun(SuiteRunner.java:397)
	at org.testng.SuiteRunner.run(SuiteRunner.java:336)
	at org.testng.SuiteRunnerWorker.runSuite(SuiteRunnerWorker.java:52)
	at org.testng.SuiteRunnerWorker.run(SuiteRunnerWorker.java:95)
	at org.testng.TestNG.runSuitesSequentially(TestNG.java:1301)
	at org.testng.TestNG.runSuitesLocally(TestNG.java:1228)
	at org.testng.TestNG.runSuites(TestNG.java:1134)
	at org.testng.TestNG.run(TestNG.java:1101)
	at org.testng.remote.AbstractRemoteTestNG.run(AbstractRemoteTestNG.java:115)
	at org.testng.remote.RemoteTestNG.initAndRun(RemoteTestNG.java:293)
	at org.testng.remote.RemoteTestNG.main(RemoteTestNG.java:91)
</pre></div></td>
<td>1011</td>
<td>smaZer_testcases.TC29_Schedular@13b3d178</td></tr>
<tr>
<td title='smaZer_testcases.TC10_Pairing_SmartConfig.TC10_Pairing_in_SmartConfig_Mode()'><b>TC10_Pairing_in_SmartConfig_Mode</b><br>Test class: smaZer_testcases.TC10_Pairing_SmartConfig</td>
<td><div><pre>java.lang.RuntimeException: FAILED
	at utils.Reporter.reportStep(Reporter.java:59)
	at wrappers.GenericWrappers.fail(GenericWrappers.java:1018)
	at smaZer_testcases.TC10_Pairing_SmartConfig.TC10_Pairing_in_SmartConfig_Mode(TC10_Pairing_SmartConfig.java:113)
	at java.base/java.util.ArrayList.forEach(ArrayList.java:1596)
... Removed 25 stack frames</pre></div><a href='#' onClick='toggleBox("stack-trace2001926654", this, "Click to show all stack frames", "Click to hide stack frames")'>Click to show all stack frames</a>
<div class='stack-trace' id='stack-trace2001926654'><pre>java.lang.RuntimeException: FAILED
	at utils.Reporter.reportStep(Reporter.java:59)
	at wrappers.GenericWrappers.fail(GenericWrappers.java:1018)
	at smaZer_testcases.TC10_Pairing_SmartConfig.TC10_Pairing_in_SmartConfig_Mode(TC10_Pairing_SmartConfig.java:113)
	at java.base/jdk.internal.reflect.DirectMethodHandleAccessor.invoke(DirectMethodHandleAccessor.java:103)
	at java.base/java.lang.reflect.Method.invoke(Method.java:580)
	at org.testng.internal.invokers.MethodInvocationHelper.invokeMethod(MethodInvocationHelper.java:139)
	at org.testng.internal.invokers.TestInvoker.invokeMethod(TestInvoker.java:664)
	at org.testng.internal.invokers.TestInvoker.retryFailed(TestInvoker.java:249)
	at org.testng.internal.invokers.MethodRunner.runInSequence(MethodRunner.java:76)
	at org.testng.internal.invokers.TestInvoker$MethodInvocationAgent.invoke(TestInvoker.java:961)
	at org.testng.internal.invokers.TestInvoker.invokeTestMethods(TestInvoker.java:201)
	at org.testng.internal.invokers.TestMethodWorker.invokeTestMethods(TestMethodWorker.java:148)
	at org.testng.internal.invokers.TestMethodWorker.run(TestMethodWorker.java:128)
	at java.base/java.util.ArrayList.forEach(ArrayList.java:1596)
	at org.testng.TestRunner.privateRun(TestRunner.java:819)
	at org.testng.TestRunner.run(TestRunner.java:619)
	at org.testng.SuiteRunner.runTest(SuiteRunner.java:443)
	at org.testng.SuiteRunner.runSequentially(SuiteRunner.java:437)
	at org.testng.SuiteRunner.privateRun(SuiteRunner.java:397)
	at org.testng.SuiteRunner.run(SuiteRunner.java:336)
	at org.testng.SuiteRunnerWorker.runSuite(SuiteRunnerWorker.java:52)
	at org.testng.SuiteRunnerWorker.run(SuiteRunnerWorker.java:95)
	at org.testng.TestNG.runSuitesSequentially(TestNG.java:1301)
	at org.testng.TestNG.runSuitesLocally(TestNG.java:1228)
	at org.testng.TestNG.runSuites(TestNG.java:1134)
	at org.testng.TestNG.run(TestNG.java:1101)
	at org.testng.remote.AbstractRemoteTestNG.run(AbstractRemoteTestNG.java:115)
	at org.testng.remote.RemoteTestNG.initAndRun(RemoteTestNG.java:293)
	at org.testng.remote.RemoteTestNG.main(RemoteTestNG.java:91)
</pre></div></td>
<td>236</td>
<td>smaZer_testcases.TC10_Pairing_SmartConfig@7354b8c5</td></tr>
</table><p>
<table width='100%' border='1' class='invocation-passed'>
<tr><td colspan='4' align='center'><b>PASSED TESTS</b></td></tr>
<tr><td><b>Test method</b></td>
<td><b>Attribute(s)</b></td>
<td width="30%"><b>Exception</b></td>
<td width="10%"><b>Time (seconds)</b></td>
<td><b>Instance</b></td>
</tr>
<tr>
<td title='smaZer_testcases.TC01_Accounts_Info.TC01_Accounts_Info_Check()'><b>TC01_Accounts_Info_Check</b><br>Test class: smaZer_testcases.TC01_Accounts_Info</td>
<td></td>
<td>265</td>
<td>smaZer_testcases.TC01_Accounts_Info@52815fa3</td></tr>
<tr>
<td title='smaZer_testcases.TC13_BlewithoutRouter.TC13_BlewithoutRouter_CONNECTIVITY()'><b>TC13_BlewithoutRouter_CONNECTIVITY</b><br>Test class: smaZer_testcases.TC13_BlewithoutRouter</td>
<td></td>
<td>196</td>
<td>smaZer_testcases.TC13_BlewithoutRouter@11d8ae8b</td></tr>
<tr>
<td title='smaZer_testcases.TC03_SignUp.TC03_SignUp_Check()'><b>TC03_SignUp_Check</b><br>Test class: smaZer_testcases.TC03_SignUp</td>
<td></td>
<td>76</td>
<td>smaZer_testcases.TC03_SignUp@1cb346ea</td></tr>
<tr>
<td title='smaZer_testcases.TC09_Pairing_BlewithRouter.TC09_Pairing_BLE_With_Router()'><b>TC09_Pairing_BLE_With_Router</b><br>Test class: smaZer_testcases.TC09_Pairing_BlewithRouter</td>
<td></td>
<td>231</td>
<td>smaZer_testcases.TC09_Pairing_BlewithRouter@329dbdbf</td></tr>
<tr>
<td title='smaZer_testcases.TC14_BleWithRouter.TC14_BlewithRouter_CONNECTIVITY()'><b>TC14_BlewithRouter_CONNECTIVITY</b><br>Test class: smaZer_testcases.TC14_BleWithRouter</td>
<td></td>
<td>480</td>
<td>smaZer_testcases.TC14_BleWithRouter@479cbee5</td></tr>
<tr>
<td title='smaZer_testcases.TC15_SmartConfig.TC15_SmartConfig_CONNECTIVITY()'><b>TC15_SmartConfig_CONNECTIVITY</b><br>Test class: smaZer_testcases.TC15_SmartConfig</td>
<td></td>
<td>638</td>
<td>smaZer_testcases.TC15_SmartConfig@59e2d8e3</td></tr>
<tr>
<td title='smaZer_testcases.TC24_Analytics.TC_24_Analytics_BLE_without_Router_App_Close()'><b>TC_24_Analytics_BLE_without_Router_App_Close</b><br>Test class: smaZer_testcases.TC24_Analytics</td>
<td></td>
<td>379</td>
<td>smaZer_testcases.TC24_Analytics@62833051</td></tr>
<tr>
<td title='smaZer_testcases.TC06_SignIn_SuccessFlow.TC06_SignIn_SuccessFlow_Check()'><b>TC06_SignIn_SuccessFlow_Check</b><br>Test class: smaZer_testcases.TC06_SignIn_SuccessFlow</td>
<td></td>
<td>50</td>
<td>smaZer_testcases.TC06_SignIn_SuccessFlow@4d518b32</td></tr>
<tr>
<td title='smaZer_testcases.TC19_DeviceSettings.TC19_DeviceSettings_Add_Router()'><b>TC19_DeviceSettings_Add_Router</b><br>Test class: smaZer_testcases.TC19_DeviceSettings</td>
<td></td>
<td>197</td>
<td>smaZer_testcases.TC19_DeviceSettings@12299890</td></tr>
<tr>
<td title='smaZer_testcases.TC23_Analytics.TC_23_Analytics_BLE_Without_Router()'><b>TC_23_Analytics_BLE_Without_Router</b><br>Test class: smaZer_testcases.TC23_Analytics</td>
<td></td>
<td>319</td>
<td>smaZer_testcases.TC23_Analytics@1c39680d</td></tr>
<tr>
<td title='smaZer_testcases.TC31_Schedular.TC31_Schedular_BLE_Without_Router_App_close()'><b>TC31_Schedular_BLE_Without_Router_App_close</b><br>Test class: smaZer_testcases.TC31_Schedular</td>
<td></td>
<td>972</td>
<td>smaZer_testcases.TC31_Schedular@37fb0bed</td></tr>
<tr>
<td title='smaZer_testcases.TC33_Ble_Factory_Reset.TC33_Ble_Without_Router_Factory_Reset()'><b>TC33_Ble_Without_Router_Factory_Reset</b><br>Test class: smaZer_testcases.TC33_Ble_Factory_Reset</td>
<td></td>
<td>147</td>
<td>smaZer_testcases.TC33_Ble_Factory_Reset@7b7fdc8</td></tr>
<tr>
<td title='smaZer_testcases.TC07_SignIn_Logout.TC07_SignIn_Logout_Check()'><b>TC07_SignIn_Logout_Check</b><br>Test class: smaZer_testcases.TC07_SignIn_Logout</td>
<td></td>
<td>185</td>
<td>smaZer_testcases.TC07_SignIn_Logout@4bd31064</td></tr>
<tr>
<td title='smaZer_testcases.TC02_SignUp.TC02_SignUp_Check()'><b>TC02_SignUp_Check</b><br>Test class: smaZer_testcases.TC02_SignUp</td>
<td></td>
<td>41</td>
<td>smaZer_testcases.TC02_SignUp@50313382</td></tr>
<tr>
<td title='smaZer_testcases.TC18_UI_CONNECTIVITY_MOD_0_TC_01_TO_03.TC18_UI_CONNECTIVITY_MOD_0_TC_01TO03()'><b>TC18_UI_CONNECTIVITY_MOD_0_TC_01TO03</b><br>Test class: smaZer_testcases.TC18_UI_CONNECTIVITY_MOD_0_TC_01_TO_03</td>
<td></td>
<td>368</td>
<td>smaZer_testcases.TC18_UI_CONNECTIVITY_MOD_0_TC_01_TO_03@5d43661b</td></tr>
<tr>
<td title='smaZer_testcases.TC32_Factory_Reset.TC32_FactoryReset_check()'><b>TC32_FactoryReset_check</b><br>Test class: smaZer_testcases.TC32_Factory_Reset</td>
<td></td>
<td>211</td>
<td>smaZer_testcases.TC32_Factory_Reset@a82c5f1</td></tr>
<tr>
<td title='smaZer_testcases.TC25_Analytics.TC_25_Analytics_SmartConfig_Mode()'><b>TC_25_Analytics_SmartConfig_Mode</b><br>Test class: smaZer_testcases.TC25_Analytics</td>
<td></td>
<td>363</td>
<td>smaZer_testcases.TC25_Analytics@1c852c0f</td></tr>
<tr>
<td title='smaZer_testcases.TC04_SignIn_Flow.TC04_SignIn_Try_SignIn_unregistered_User()'><b>TC04_SignIn_Try_SignIn_unregistered_User</b><br>Test class: smaZer_testcases.TC04_SignIn_Flow</td>
<td></td>
<td>37</td>
<td>smaZer_testcases.TC04_SignIn_Flow@4c012563</td></tr>
<tr>
<td title='smaZer_testcases.TC05_SignIn_Valid_User.TC05_Login_Check_Valid_User()'><b>TC05_Login_Check_Valid_User</b><br>Test class: smaZer_testcases.TC05_SignIn_Valid_User</td>
<td></td>
<td>66</td>
<td>smaZer_testcases.TC05_SignIn_Valid_User@14a50707</td></tr>
<tr>
<td title='smaZer_testcases.TC30_Schedular.TC30_Schedular_BLE_without_router()'><b>TC30_Schedular_BLE_without_router</b><br>Test class: smaZer_testcases.TC30_Schedular</td>
<td></td>
<td>630</td>
<td>smaZer_testcases.TC30_Schedular@24c4ddae</td></tr>
<tr>
<td title='smaZer_testcases.TC28_Schedular.TC28_Schedular_SmartConfig_Mode()'><b>TC28_Schedular_SmartConfig_Mode</b><br>Test class: smaZer_testcases.TC28_Schedular</td>
<td></td>
<td>602</td>
<td>smaZer_testcases.TC28_Schedular@266374ef</td></tr>
</table><p>
<table width='100%' border='1' class='invocation-skipped'>
<tr><td colspan='4' align='center'><b>SKIPPED TESTS</b></td></tr>
<tr><td><b>Test method</b></td>
<td><b>Attribute(s)</b></td>
<td width="30%"><b>Exception</b></td>
<td width="10%"><b>Time (seconds)</b></td>
<td><b>Instance</b></td>
</tr>
<tr>
<td title='smaZer_testcases.TC08_Pairing_BlewithoutRouter.TC08_Pairing_BLE_Without_Router()'><b>TC08_Pairing_BLE_Without_Router</b><br>Test class: smaZer_testcases.TC08_Pairing_BlewithoutRouter</td>
<td><div><pre>java.lang.RuntimeException: FAILED
	at utils.Reporter.reportStep(Reporter.java:59)
	at wrappers.GenericWrappers.fail(GenericWrappers.java:1018)
	at smaZer_testcases.TC08_Pairing_BlewithoutRouter.TC08_Pairing_BLE_Without_Router(TC08_Pairing_BlewithoutRouter.java:100)
	at java.base/java.util.ArrayList.forEach(ArrayList.java:1596)
... Removed 25 stack frames</pre></div><a href='#' onClick='toggleBox("stack-trace1728050223", this, "Click to show all stack frames", "Click to hide stack frames")'>Click to show all stack frames</a>
<div class='stack-trace' id='stack-trace1728050223'><pre>java.lang.RuntimeException: FAILED
	at utils.Reporter.reportStep(Reporter.java:59)
	at wrappers.GenericWrappers.fail(GenericWrappers.java:1018)
	at smaZer_testcases.TC08_Pairing_BlewithoutRouter.TC08_Pairing_BLE_Without_Router(TC08_Pairing_BlewithoutRouter.java:100)
	at java.base/jdk.internal.reflect.DirectMethodHandleAccessor.invoke(DirectMethodHandleAccessor.java:103)
	at java.base/java.lang.reflect.Method.invoke(Method.java:580)
	at org.testng.internal.invokers.MethodInvocationHelper.invokeMethod(MethodInvocationHelper.java:139)
	at org.testng.internal.invokers.TestInvoker.invokeMethod(TestInvoker.java:664)
	at org.testng.internal.invokers.TestInvoker.invokeTestMethod(TestInvoker.java:228)
	at org.testng.internal.invokers.MethodRunner.runInSequence(MethodRunner.java:63)
	at org.testng.internal.invokers.TestInvoker$MethodInvocationAgent.invoke(TestInvoker.java:961)
	at org.testng.internal.invokers.TestInvoker.invokeTestMethods(TestInvoker.java:201)
	at org.testng.internal.invokers.TestMethodWorker.invokeTestMethods(TestMethodWorker.java:148)
	at org.testng.internal.invokers.TestMethodWorker.run(TestMethodWorker.java:128)
	at java.base/java.util.ArrayList.forEach(ArrayList.java:1596)
	at org.testng.TestRunner.privateRun(TestRunner.java:819)
	at org.testng.TestRunner.run(TestRunner.java:619)
	at org.testng.SuiteRunner.runTest(SuiteRunner.java:443)
	at org.testng.SuiteRunner.runSequentially(SuiteRunner.java:437)
	at org.testng.SuiteRunner.privateRun(SuiteRunner.java:397)
	at org.testng.SuiteRunner.run(SuiteRunner.java:336)
	at org.testng.SuiteRunnerWorker.runSuite(SuiteRunnerWorker.java:52)
	at org.testng.SuiteRunnerWorker.run(SuiteRunnerWorker.java:95)
	at org.testng.TestNG.runSuitesSequentially(TestNG.java:1301)
	at org.testng.TestNG.runSuitesLocally(TestNG.java:1228)
	at org.testng.TestNG.runSuites(TestNG.java:1134)
	at org.testng.TestNG.run(TestNG.java:1101)
	at org.testng.remote.AbstractRemoteTestNG.run(AbstractRemoteTestNG.java:115)
	at org.testng.remote.RemoteTestNG.initAndRun(RemoteTestNG.java:293)
	at org.testng.remote.RemoteTestNG.main(RemoteTestNG.java:91)
</pre></div></td>
<td>116</td>
<td>smaZer_testcases.TC08_Pairing_BlewithoutRouter@e3c0e40</td></tr>
<tr>
<td title='smaZer_testcases.TC01_Accounts_Info.TC01_Accounts_Info_Check()'><b>TC01_Accounts_Info_Check</b><br>Test class: smaZer_testcases.TC01_Accounts_Info</td>
<td><div><pre>java.lang.RuntimeException: FAILED
	at utils.Reporter.reportStep(Reporter.java:59)
	at wrappers.GenericWrappers.fail(GenericWrappers.java:1018)
	at smaZer_testcases.TC01_Accounts_Info.pairBlewithoutRouter(TC01_Accounts_Info.java:78)
	at smaZer_testcases.TC01_Accounts_Info.TC01_Accounts_Info_Check(TC01_Accounts_Info.java:42)
	at java.base/java.util.ArrayList.forEach(ArrayList.java:1596)
... Removed 25 stack frames</pre></div><a href='#' onClick='toggleBox("stack-trace1794710728", this, "Click to show all stack frames", "Click to hide stack frames")'>Click to show all stack frames</a>
<div class='stack-trace' id='stack-trace1794710728'><pre>java.lang.RuntimeException: FAILED
	at utils.Reporter.reportStep(Reporter.java:59)
	at wrappers.GenericWrappers.fail(GenericWrappers.java:1018)
	at smaZer_testcases.TC01_Accounts_Info.pairBlewithoutRouter(TC01_Accounts_Info.java:78)
	at smaZer_testcases.TC01_Accounts_Info.TC01_Accounts_Info_Check(TC01_Accounts_Info.java:42)
	at java.base/jdk.internal.reflect.DirectMethodHandleAccessor.invoke(DirectMethodHandleAccessor.java:103)
	at java.base/java.lang.reflect.Method.invoke(Method.java:580)
	at org.testng.internal.invokers.MethodInvocationHelper.invokeMethod(MethodInvocationHelper.java:139)
	at org.testng.internal.invokers.TestInvoker.invokeMethod(TestInvoker.java:664)
	at org.testng.internal.invokers.TestInvoker.invokeTestMethod(TestInvoker.java:228)
	at org.testng.internal.invokers.MethodRunner.runInSequence(MethodRunner.java:63)
	at org.testng.internal.invokers.TestInvoker$MethodInvocationAgent.invoke(TestInvoker.java:961)
	at org.testng.internal.invokers.TestInvoker.invokeTestMethods(TestInvoker.java:201)
	at org.testng.internal.invokers.TestMethodWorker.invokeTestMethods(TestMethodWorker.java:148)
	at org.testng.internal.invokers.TestMethodWorker.run(TestMethodWorker.java:128)
	at java.base/java.util.ArrayList.forEach(ArrayList.java:1596)
	at org.testng.TestRunner.privateRun(TestRunner.java:819)
	at org.testng.TestRunner.run(TestRunner.java:619)
	at org.testng.SuiteRunner.runTest(SuiteRunner.java:443)
	at org.testng.SuiteRunner.runSequentially(SuiteRunner.java:437)
	at org.testng.SuiteRunner.privateRun(SuiteRunner.java:397)
	at org.testng.SuiteRunner.run(SuiteRunner.java:336)
	at org.testng.SuiteRunnerWorker.runSuite(SuiteRunnerWorker.java:52)
	at org.testng.SuiteRunnerWorker.run(SuiteRunnerWorker.java:95)
	at org.testng.TestNG.runSuitesSequentially(TestNG.java:1301)
	at org.testng.TestNG.runSuitesLocally(TestNG.java:1228)
	at org.testng.TestNG.runSuites(TestNG.java:1134)
	at org.testng.TestNG.run(TestNG.java:1101)
	at org.testng.remote.AbstractRemoteTestNG.run(AbstractRemoteTestNG.java:115)
	at org.testng.remote.RemoteTestNG.initAndRun(RemoteTestNG.java:293)
	at org.testng.remote.RemoteTestNG.main(RemoteTestNG.java:91)
</pre></div></td>
<td>132</td>
<td>smaZer_testcases.TC01_Accounts_Info@52815fa3</td></tr>
<tr>
<td title='smaZer_testcases.TC29_Schedular.TC29_Schedular_Smartconfig_app_close()'><b>TC29_Schedular_Smartconfig_app_close</b><br>Test class: smaZer_testcases.TC29_Schedular</td>
<td><div><pre>java.lang.RuntimeException: FAILED
	at utils.Reporter.reportStep(Reporter.java:59)
	at wrappers.GenericWrappers.fail(GenericWrappers.java:1018)
	at smaZer_testcases.TC29_Schedular.TC29_Schedular_Smartconfig_app_close(TC29_Schedular.java:101)
	at java.base/java.util.ArrayList.forEach(ArrayList.java:1596)
... Removed 25 stack frames</pre></div><a href='#' onClick='toggleBox("stack-trace170014820", this, "Click to show all stack frames", "Click to hide stack frames")'>Click to show all stack frames</a>
<div class='stack-trace' id='stack-trace170014820'><pre>java.lang.RuntimeException: FAILED
	at utils.Reporter.reportStep(Reporter.java:59)
	at wrappers.GenericWrappers.fail(GenericWrappers.java:1018)
	at smaZer_testcases.TC29_Schedular.TC29_Schedular_Smartconfig_app_close(TC29_Schedular.java:101)
	at java.base/jdk.internal.reflect.DirectMethodHandleAccessor.invoke(DirectMethodHandleAccessor.java:103)
	at java.base/java.lang.reflect.Method.invoke(Method.java:580)
	at org.testng.internal.invokers.MethodInvocationHelper.invokeMethod(MethodInvocationHelper.java:139)
	at org.testng.internal.invokers.TestInvoker.invokeMethod(TestInvoker.java:664)
	at org.testng.internal.invokers.TestInvoker.invokeTestMethod(TestInvoker.java:228)
	at org.testng.internal.invokers.MethodRunner.runInSequence(MethodRunner.java:63)
	at org.testng.internal.invokers.TestInvoker$MethodInvocationAgent.invoke(TestInvoker.java:961)
	at org.testng.internal.invokers.TestInvoker.invokeTestMethods(TestInvoker.java:201)
	at org.testng.internal.invokers.TestMethodWorker.invokeTestMethods(TestMethodWorker.java:148)
	at org.testng.internal.invokers.TestMethodWorker.run(TestMethodWorker.java:128)
	at java.base/java.util.ArrayList.forEach(ArrayList.java:1596)
	at org.testng.TestRunner.privateRun(TestRunner.java:819)
	at org.testng.TestRunner.run(TestRunner.java:619)
	at org.testng.SuiteRunner.runTest(SuiteRunner.java:443)
	at org.testng.SuiteRunner.runSequentially(SuiteRunner.java:437)
	at org.testng.SuiteRunner.privateRun(SuiteRunner.java:397)
	at org.testng.SuiteRunner.run(SuiteRunner.java:336)
	at org.testng.SuiteRunnerWorker.runSuite(SuiteRunnerWorker.java:52)
	at org.testng.SuiteRunnerWorker.run(SuiteRunnerWorker.java:95)
	at org.testng.TestNG.runSuitesSequentially(TestNG.java:1301)
	at org.testng.TestNG.runSuitesLocally(TestNG.java:1228)
	at org.testng.TestNG.runSuites(TestNG.java:1134)
	at org.testng.TestNG.run(TestNG.java:1101)
	at org.testng.remote.AbstractRemoteTestNG.run(AbstractRemoteTestNG.java:115)
	at org.testng.remote.RemoteTestNG.initAndRun(RemoteTestNG.java:293)
	at org.testng.remote.RemoteTestNG.main(RemoteTestNG.java:91)
</pre></div></td>
<td>1026</td>
<td>smaZer_testcases.TC29_Schedular@13b3d178</td></tr>
<tr>
<td title='smaZer_testcases.TC15_SmartConfig.TC15_SmartConfig_CONNECTIVITY()'><b>TC15_SmartConfig_CONNECTIVITY</b><br>Test class: smaZer_testcases.TC15_SmartConfig</td>
<td><div><pre>java.lang.RuntimeException: FAILED
	at utils.Reporter.reportStep(Reporter.java:59)
	at wrappers.GenericWrappers.fail(GenericWrappers.java:1018)
	at smaZer_testcases.TC15_SmartConfig.pairBlewithoutRouter(TC15_SmartConfig.java:167)
	at smaZer_testcases.TC15_SmartConfig.TC15_SmartConfig_CONNECTIVITY(TC15_SmartConfig.java:44)
	at java.base/java.util.ArrayList.forEach(ArrayList.java:1596)
... Removed 25 stack frames</pre></div><a href='#' onClick='toggleBox("stack-trace663507972", this, "Click to show all stack frames", "Click to hide stack frames")'>Click to show all stack frames</a>
<div class='stack-trace' id='stack-trace663507972'><pre>java.lang.RuntimeException: FAILED
	at utils.Reporter.reportStep(Reporter.java:59)
	at wrappers.GenericWrappers.fail(GenericWrappers.java:1018)
	at smaZer_testcases.TC15_SmartConfig.pairBlewithoutRouter(TC15_SmartConfig.java:167)
	at smaZer_testcases.TC15_SmartConfig.TC15_SmartConfig_CONNECTIVITY(TC15_SmartConfig.java:44)
	at java.base/jdk.internal.reflect.DirectMethodHandleAccessor.invoke(DirectMethodHandleAccessor.java:103)
	at java.base/java.lang.reflect.Method.invoke(Method.java:580)
	at org.testng.internal.invokers.MethodInvocationHelper.invokeMethod(MethodInvocationHelper.java:139)
	at org.testng.internal.invokers.TestInvoker.invokeMethod(TestInvoker.java:664)
	at org.testng.internal.invokers.TestInvoker.invokeTestMethod(TestInvoker.java:228)
	at org.testng.internal.invokers.MethodRunner.runInSequence(MethodRunner.java:63)
	at org.testng.internal.invokers.TestInvoker$MethodInvocationAgent.invoke(TestInvoker.java:961)
	at org.testng.internal.invokers.TestInvoker.invokeTestMethods(TestInvoker.java:201)
	at org.testng.internal.invokers.TestMethodWorker.invokeTestMethods(TestMethodWorker.java:148)
	at org.testng.internal.invokers.TestMethodWorker.run(TestMethodWorker.java:128)
	at java.base/java.util.ArrayList.forEach(ArrayList.java:1596)
	at org.testng.TestRunner.privateRun(TestRunner.java:819)
	at org.testng.TestRunner.run(TestRunner.java:619)
	at org.testng.SuiteRunner.runTest(SuiteRunner.java:443)
	at org.testng.SuiteRunner.runSequentially(SuiteRunner.java:437)
	at org.testng.SuiteRunner.privateRun(SuiteRunner.java:397)
	at org.testng.SuiteRunner.run(SuiteRunner.java:336)
	at org.testng.SuiteRunnerWorker.runSuite(SuiteRunnerWorker.java:52)
	at org.testng.SuiteRunnerWorker.run(SuiteRunnerWorker.java:95)
	at org.testng.TestNG.runSuitesSequentially(TestNG.java:1301)
	at org.testng.TestNG.runSuitesLocally(TestNG.java:1228)
	at org.testng.TestNG.runSuites(TestNG.java:1134)
	at org.testng.TestNG.run(TestNG.java:1101)
	at org.testng.remote.AbstractRemoteTestNG.run(AbstractRemoteTestNG.java:115)
	at org.testng.remote.RemoteTestNG.initAndRun(RemoteTestNG.java:293)
	at org.testng.remote.RemoteTestNG.main(RemoteTestNG.java:91)
</pre></div></td>
<td>1173</td>
<td>smaZer_testcases.TC15_SmartConfig@59e2d8e3</td></tr>
<tr>
<td title='smaZer_testcases.TC20_DeviceSettings.TC20_DeviceSettings_Remove_Router()'><b>TC20_DeviceSettings_Remove_Router</b><br>Test class: smaZer_testcases.TC20_DeviceSettings</td>
<td><div><pre>java.lang.RuntimeException: FAILED
	at utils.Reporter.reportStep(Reporter.java:59)
	at wrappers.GenericWrappers.fail(GenericWrappers.java:1018)
	at smaZer_testcases.TC20_DeviceSettings.pairBlewithoutRouter(TC20_DeviceSettings.java:88)
	at smaZer_testcases.TC20_DeviceSettings.TC20_DeviceSettings_Remove_Router(TC20_DeviceSettings.java:31)
	at java.base/java.util.ArrayList.forEach(ArrayList.java:1596)
... Removed 25 stack frames</pre></div><a href='#' onClick='toggleBox("stack-trace1076170205", this, "Click to show all stack frames", "Click to hide stack frames")'>Click to show all stack frames</a>
<div class='stack-trace' id='stack-trace1076170205'><pre>java.lang.RuntimeException: FAILED
	at utils.Reporter.reportStep(Reporter.java:59)
	at wrappers.GenericWrappers.fail(GenericWrappers.java:1018)
	at smaZer_testcases.TC20_DeviceSettings.pairBlewithoutRouter(TC20_DeviceSettings.java:88)
	at smaZer_testcases.TC20_DeviceSettings.TC20_DeviceSettings_Remove_Router(TC20_DeviceSettings.java:31)
	at java.base/jdk.internal.reflect.DirectMethodHandleAccessor.invoke(DirectMethodHandleAccessor.java:103)
	at java.base/java.lang.reflect.Method.invoke(Method.java:580)
	at org.testng.internal.invokers.MethodInvocationHelper.invokeMethod(MethodInvocationHelper.java:139)
	at org.testng.internal.invokers.TestInvoker.invokeMethod(TestInvoker.java:664)
	at org.testng.internal.invokers.TestInvoker.invokeTestMethod(TestInvoker.java:228)
	at org.testng.internal.invokers.MethodRunner.runInSequence(MethodRunner.java:63)
	at org.testng.internal.invokers.TestInvoker$MethodInvocationAgent.invoke(TestInvoker.java:961)
	at org.testng.internal.invokers.TestInvoker.invokeTestMethods(TestInvoker.java:201)
	at org.testng.internal.invokers.TestMethodWorker.invokeTestMethods(TestMethodWorker.java:148)
	at org.testng.internal.invokers.TestMethodWorker.run(TestMethodWorker.java:128)
	at java.base/java.util.ArrayList.forEach(ArrayList.java:1596)
	at org.testng.TestRunner.privateRun(TestRunner.java:819)
	at org.testng.TestRunner.run(TestRunner.java:619)
	at org.testng.SuiteRunner.runTest(SuiteRunner.java:443)
	at org.testng.SuiteRunner.runSequentially(SuiteRunner.java:437)
	at org.testng.SuiteRunner.privateRun(SuiteRunner.java:397)
	at org.testng.SuiteRunner.run(SuiteRunner.java:336)
	at org.testng.SuiteRunnerWorker.runSuite(SuiteRunnerWorker.java:52)
	at org.testng.SuiteRunnerWorker.run(SuiteRunnerWorker.java:95)
	at org.testng.TestNG.runSuitesSequentially(TestNG.java:1301)
	at org.testng.TestNG.runSuitesLocally(TestNG.java:1228)
	at org.testng.TestNG.runSuites(TestNG.java:1134)
	at org.testng.TestNG.run(TestNG.java:1101)
	at org.testng.remote.AbstractRemoteTestNG.run(AbstractRemoteTestNG.java:115)
	at org.testng.remote.RemoteTestNG.initAndRun(RemoteTestNG.java:293)
	at org.testng.remote.RemoteTestNG.main(RemoteTestNG.java:91)
</pre></div></td>
<td>240</td>
<td>smaZer_testcases.TC20_DeviceSettings@2fba3fc4</td></tr>
<tr>
<td title='smaZer_testcases.TC21_DeviceSettings.TC21_DeviceSettings_LED_Quite_Mode()'><b>TC21_DeviceSettings_LED_Quite_Mode</b><br>Test class: smaZer_testcases.TC21_DeviceSettings</td>
<td><div><pre>java.lang.RuntimeException: FAILED
	at utils.Reporter.reportStep(Reporter.java:59)
	at wrappers.GenericWrappers.fail(GenericWrappers.java:1018)
	at smaZer_testcases.TC21_DeviceSettings.pairBlewithoutRouter(TC21_DeviceSettings.java:98)
	at smaZer_testcases.TC21_DeviceSettings.TC21_DeviceSettings_LED_Quite_Mode(TC21_DeviceSettings.java:31)
	at java.base/java.util.ArrayList.forEach(ArrayList.java:1596)
... Removed 25 stack frames</pre></div><a href='#' onClick='toggleBox("stack-trace579366849", this, "Click to show all stack frames", "Click to hide stack frames")'>Click to show all stack frames</a>
<div class='stack-trace' id='stack-trace579366849'><pre>java.lang.RuntimeException: FAILED
	at utils.Reporter.reportStep(Reporter.java:59)
	at wrappers.GenericWrappers.fail(GenericWrappers.java:1018)
	at smaZer_testcases.TC21_DeviceSettings.pairBlewithoutRouter(TC21_DeviceSettings.java:98)
	at smaZer_testcases.TC21_DeviceSettings.TC21_DeviceSettings_LED_Quite_Mode(TC21_DeviceSettings.java:31)
	at java.base/jdk.internal.reflect.DirectMethodHandleAccessor.invoke(DirectMethodHandleAccessor.java:103)
	at java.base/java.lang.reflect.Method.invoke(Method.java:580)
	at org.testng.internal.invokers.MethodInvocationHelper.invokeMethod(MethodInvocationHelper.java:139)
	at org.testng.internal.invokers.TestInvoker.invokeMethod(TestInvoker.java:664)
	at org.testng.internal.invokers.TestInvoker.invokeTestMethod(TestInvoker.java:228)
	at org.testng.internal.invokers.MethodRunner.runInSequence(MethodRunner.java:63)
	at org.testng.internal.invokers.TestInvoker$MethodInvocationAgent.invoke(TestInvoker.java:961)
	at org.testng.internal.invokers.TestInvoker.invokeTestMethods(TestInvoker.java:201)
	at org.testng.internal.invokers.TestMethodWorker.invokeTestMethods(TestMethodWorker.java:148)
	at org.testng.internal.invokers.TestMethodWorker.run(TestMethodWorker.java:128)
	at java.base/java.util.ArrayList.forEach(ArrayList.java:1596)
	at org.testng.TestRunner.privateRun(TestRunner.java:819)
	at org.testng.TestRunner.run(TestRunner.java:619)
	at org.testng.SuiteRunner.runTest(SuiteRunner.java:443)
	at org.testng.SuiteRunner.runSequentially(SuiteRunner.java:437)
	at org.testng.SuiteRunner.privateRun(SuiteRunner.java:397)
	at org.testng.SuiteRunner.run(SuiteRunner.java:336)
	at org.testng.SuiteRunnerWorker.runSuite(SuiteRunnerWorker.java:52)
	at org.testng.SuiteRunnerWorker.run(SuiteRunnerWorker.java:95)
	at org.testng.TestNG.runSuitesSequentially(TestNG.java:1301)
	at org.testng.TestNG.runSuitesLocally(TestNG.java:1228)
	at org.testng.TestNG.runSuites(TestNG.java:1134)
	at org.testng.TestNG.run(TestNG.java:1101)
	at org.testng.remote.AbstractRemoteTestNG.run(AbstractRemoteTestNG.java:115)
	at org.testng.remote.RemoteTestNG.initAndRun(RemoteTestNG.java:293)
	at org.testng.remote.RemoteTestNG.main(RemoteTestNG.java:91)
</pre></div></td>
<td>291</td>
<td>smaZer_testcases.TC21_DeviceSettings@4bf48f6</td></tr>
<tr>
<td title='smaZer_testcases.TC26_Analytics.TC_26_Analytics_Smartconfig_App_close()'><b>TC_26_Analytics_Smartconfig_App_close</b><br>Test class: smaZer_testcases.TC26_Analytics</td>
<td><div><pre>java.lang.RuntimeException: FAILED
	at utils.Reporter.reportStep(Reporter.java:59)
	at wrappers.GenericWrappers.fail(GenericWrappers.java:1018)
	at smaZer_testcases.TC26_Analytics.pairBlewithoutRouter(TC26_Analytics.java:75)
	at smaZer_testcases.TC26_Analytics.TC_26_Analytics_Smartconfig_App_close(TC26_Analytics.java:31)
	at java.base/java.util.ArrayList.forEach(ArrayList.java:1596)
... Removed 25 stack frames</pre></div><a href='#' onClick='toggleBox("stack-trace1199961244", this, "Click to show all stack frames", "Click to hide stack frames")'>Click to show all stack frames</a>
<div class='stack-trace' id='stack-trace1199961244'><pre>java.lang.RuntimeException: FAILED
	at utils.Reporter.reportStep(Reporter.java:59)
	at wrappers.GenericWrappers.fail(GenericWrappers.java:1018)
	at smaZer_testcases.TC26_Analytics.pairBlewithoutRouter(TC26_Analytics.java:75)
	at smaZer_testcases.TC26_Analytics.TC_26_Analytics_Smartconfig_App_close(TC26_Analytics.java:31)
	at java.base/jdk.internal.reflect.DirectMethodHandleAccessor.invoke(DirectMethodHandleAccessor.java:103)
	at java.base/java.lang.reflect.Method.invoke(Method.java:580)
	at org.testng.internal.invokers.MethodInvocationHelper.invokeMethod(MethodInvocationHelper.java:139)
	at org.testng.internal.invokers.TestInvoker.invokeMethod(TestInvoker.java:664)
	at org.testng.internal.invokers.TestInvoker.invokeTestMethod(TestInvoker.java:228)
	at org.testng.internal.invokers.MethodRunner.runInSequence(MethodRunner.java:63)
	at org.testng.internal.invokers.TestInvoker$MethodInvocationAgent.invoke(TestInvoker.java:961)
	at org.testng.internal.invokers.TestInvoker.invokeTestMethods(TestInvoker.java:201)
	at org.testng.internal.invokers.TestMethodWorker.invokeTestMethods(TestMethodWorker.java:148)
	at org.testng.internal.invokers.TestMethodWorker.run(TestMethodWorker.java:128)
	at java.base/java.util.ArrayList.forEach(ArrayList.java:1596)
	at org.testng.TestRunner.privateRun(TestRunner.java:819)
	at org.testng.TestRunner.run(TestRunner.java:619)
	at org.testng.SuiteRunner.runTest(SuiteRunner.java:443)
	at org.testng.SuiteRunner.runSequentially(SuiteRunner.java:437)
	at org.testng.SuiteRunner.privateRun(SuiteRunner.java:397)
	at org.testng.SuiteRunner.run(SuiteRunner.java:336)
	at org.testng.SuiteRunnerWorker.runSuite(SuiteRunnerWorker.java:52)
	at org.testng.SuiteRunnerWorker.run(SuiteRunnerWorker.java:95)
	at org.testng.TestNG.runSuitesSequentially(TestNG.java:1301)
	at org.testng.TestNG.runSuitesLocally(TestNG.java:1228)
	at org.testng.TestNG.runSuites(TestNG.java:1134)
	at org.testng.TestNG.run(TestNG.java:1101)
	at org.testng.remote.AbstractRemoteTestNG.run(AbstractRemoteTestNG.java:115)
	at org.testng.remote.RemoteTestNG.initAndRun(RemoteTestNG.java:293)
	at org.testng.remote.RemoteTestNG.main(RemoteTestNG.java:91)
</pre></div></td>
<td>342</td>
<td>smaZer_testcases.TC26_Analytics@a37aefe</td></tr>
<tr>
<td title='smaZer_testcases.TC33_Ble_Factory_Reset.TC33_Ble_Without_Router_Factory_Reset()'><b>TC33_Ble_Without_Router_Factory_Reset</b><br>Test class: smaZer_testcases.TC33_Ble_Factory_Reset</td>
<td><div><pre>java.lang.RuntimeException: FAILED
	at utils.Reporter.reportStep(Reporter.java:59)
	at wrappers.GenericWrappers.fail(GenericWrappers.java:1018)
	at smaZer_testcases.TC33_Ble_Factory_Reset.pairBlewithoutRouter(TC33_Ble_Factory_Reset.java:74)
	at smaZer_testcases.TC33_Ble_Factory_Reset.TC33_Ble_Without_Router_Factory_Reset(TC33_Ble_Factory_Reset.java:37)
	at java.base/java.util.ArrayList.forEach(ArrayList.java:1596)
... Removed 25 stack frames</pre></div><a href='#' onClick='toggleBox("stack-trace1252119707", this, "Click to show all stack frames", "Click to hide stack frames")'>Click to show all stack frames</a>
<div class='stack-trace' id='stack-trace1252119707'><pre>java.lang.RuntimeException: FAILED
	at utils.Reporter.reportStep(Reporter.java:59)
	at wrappers.GenericWrappers.fail(GenericWrappers.java:1018)
	at smaZer_testcases.TC33_Ble_Factory_Reset.pairBlewithoutRouter(TC33_Ble_Factory_Reset.java:74)
	at smaZer_testcases.TC33_Ble_Factory_Reset.TC33_Ble_Without_Router_Factory_Reset(TC33_Ble_Factory_Reset.java:37)
	at java.base/jdk.internal.reflect.DirectMethodHandleAccessor.invoke(DirectMethodHandleAccessor.java:103)
	at java.base/java.lang.reflect.Method.invoke(Method.java:580)
	at org.testng.internal.invokers.MethodInvocationHelper.invokeMethod(MethodInvocationHelper.java:139)
	at org.testng.internal.invokers.TestInvoker.invokeMethod(TestInvoker.java:664)
	at org.testng.internal.invokers.TestInvoker.invokeTestMethod(TestInvoker.java:228)
	at org.testng.internal.invokers.MethodRunner.runInSequence(MethodRunner.java:63)
	at org.testng.internal.invokers.TestInvoker$MethodInvocationAgent.invoke(TestInvoker.java:961)
	at org.testng.internal.invokers.TestInvoker.invokeTestMethods(TestInvoker.java:201)
	at org.testng.internal.invokers.TestMethodWorker.invokeTestMethods(TestMethodWorker.java:148)
	at org.testng.internal.invokers.TestMethodWorker.run(TestMethodWorker.java:128)
	at java.base/java.util.ArrayList.forEach(ArrayList.java:1596)
	at org.testng.TestRunner.privateRun(TestRunner.java:819)
	at org.testng.TestRunner.run(TestRunner.java:619)
	at org.testng.SuiteRunner.runTest(SuiteRunner.java:443)
	at org.testng.SuiteRunner.runSequentially(SuiteRunner.java:437)
	at org.testng.SuiteRunner.privateRun(SuiteRunner.java:397)
	at org.testng.SuiteRunner.run(SuiteRunner.java:336)
	at org.testng.SuiteRunnerWorker.runSuite(SuiteRunnerWorker.java:52)
	at org.testng.SuiteRunnerWorker.run(SuiteRunnerWorker.java:95)
	at org.testng.TestNG.runSuitesSequentially(TestNG.java:1301)
	at org.testng.TestNG.runSuitesLocally(TestNG.java:1228)
	at org.testng.TestNG.runSuites(TestNG.java:1134)
	at org.testng.TestNG.run(TestNG.java:1101)
	at org.testng.remote.AbstractRemoteTestNG.run(AbstractRemoteTestNG.java:115)
	at org.testng.remote.RemoteTestNG.initAndRun(RemoteTestNG.java:293)
	at org.testng.remote.RemoteTestNG.main(RemoteTestNG.java:91)
</pre></div></td>
<td>129</td>
<td>smaZer_testcases.TC33_Ble_Factory_Reset@7b7fdc8</td></tr>
<tr>
<td title='smaZer_testcases.TC10_Pairing_SmartConfig.TC10_Pairing_in_SmartConfig_Mode()'><b>TC10_Pairing_in_SmartConfig_Mode</b><br>Test class: smaZer_testcases.TC10_Pairing_SmartConfig</td>
<td><div><pre>java.lang.RuntimeException: FAILED
	at utils.Reporter.reportStep(Reporter.java:59)
	at wrappers.GenericWrappers.fail(GenericWrappers.java:1018)
	at smaZer_testcases.TC10_Pairing_SmartConfig.TC10_Pairing_in_SmartConfig_Mode(TC10_Pairing_SmartConfig.java:113)
	at java.base/java.util.ArrayList.forEach(ArrayList.java:1596)
... Removed 25 stack frames</pre></div><a href='#' onClick='toggleBox("stack-trace754376013", this, "Click to show all stack frames", "Click to hide stack frames")'>Click to show all stack frames</a>
<div class='stack-trace' id='stack-trace754376013'><pre>java.lang.RuntimeException: FAILED
	at utils.Reporter.reportStep(Reporter.java:59)
	at wrappers.GenericWrappers.fail(GenericWrappers.java:1018)
	at smaZer_testcases.TC10_Pairing_SmartConfig.TC10_Pairing_in_SmartConfig_Mode(TC10_Pairing_SmartConfig.java:113)
	at java.base/jdk.internal.reflect.DirectMethodHandleAccessor.invoke(DirectMethodHandleAccessor.java:103)
	at java.base/java.lang.reflect.Method.invoke(Method.java:580)
	at org.testng.internal.invokers.MethodInvocationHelper.invokeMethod(MethodInvocationHelper.java:139)
	at org.testng.internal.invokers.TestInvoker.invokeMethod(TestInvoker.java:664)
	at org.testng.internal.invokers.TestInvoker.invokeTestMethod(TestInvoker.java:228)
	at org.testng.internal.invokers.MethodRunner.runInSequence(MethodRunner.java:63)
	at org.testng.internal.invokers.TestInvoker$MethodInvocationAgent.invoke(TestInvoker.java:961)
	at org.testng.internal.invokers.TestInvoker.invokeTestMethods(TestInvoker.java:201)
	at org.testng.internal.invokers.TestMethodWorker.invokeTestMethods(TestMethodWorker.java:148)
	at org.testng.internal.invokers.TestMethodWorker.run(TestMethodWorker.java:128)
	at java.base/java.util.ArrayList.forEach(ArrayList.java:1596)
	at org.testng.TestRunner.privateRun(TestRunner.java:819)
	at org.testng.TestRunner.run(TestRunner.java:619)
	at org.testng.SuiteRunner.runTest(SuiteRunner.java:443)
	at org.testng.SuiteRunner.runSequentially(SuiteRunner.java:437)
	at org.testng.SuiteRunner.privateRun(SuiteRunner.java:397)
	at org.testng.SuiteRunner.run(SuiteRunner.java:336)
	at org.testng.SuiteRunnerWorker.runSuite(SuiteRunnerWorker.java:52)
	at org.testng.SuiteRunnerWorker.run(SuiteRunnerWorker.java:95)
	at org.testng.TestNG.runSuitesSequentially(TestNG.java:1301)
	at org.testng.TestNG.runSuitesLocally(TestNG.java:1228)
	at org.testng.TestNG.runSuites(TestNG.java:1134)
	at org.testng.TestNG.run(TestNG.java:1101)
	at org.testng.remote.AbstractRemoteTestNG.run(AbstractRemoteTestNG.java:115)
	at org.testng.remote.RemoteTestNG.initAndRun(RemoteTestNG.java:293)
	at org.testng.remote.RemoteTestNG.main(RemoteTestNG.java:91)
</pre></div></td>
<td>240</td>
<td>smaZer_testcases.TC10_Pairing_SmartConfig@7354b8c5</td></tr>
</table><p>
</body>
</html>